<?xml version="1.0" encoding="UTF-8"?>
<!-- Generated by org.testng.reporters.JUnitReportReporter -->
<testsuite hostname="CTLINDT-0028" name="com.nv.scripts.login.NV_Login" tests="1" failures="0" timestamp="21 Mar 2017 03:26:45 GMT" time="22.471" errors="0">
  <testcase name="edtc_Login" time="22.471" classname="com.nv.scripts.login.NV_Login"/>
</testsuite> <!-- com.nv.scripts.login.NV_Login -->
