<?xml version="1.0" encoding="UTF-8"?>
<!-- Generated by org.testng.reporters.JUnitReportReporter -->
<testsuite skipped="0" hostname="DSHYD-114" name="com.FABE.scripts.TC04_VerifyUserCreationByAdminUser" tests="1" failures="0" timestamp="29 Jun 2018 11:53:57 GMT" time="128.393" errors="0">
  <testcase name="testTC04_VerifyUserCreationByAdminUser" time="128.393" classname="com.FABE.scripts.TC04_VerifyUserCreationByAdminUser"/>
</testsuite> <!-- com.FABE.scripts.TC04_VerifyUserCreationByAdminUser -->
