<?xml version="1.0" encoding="UTF-8"?>
<!-- Generated by org.testng.reporters.JUnitReportReporter -->
<testsuite skipped="0" hostname="DSHYD-114" name="com.FABE.scripts.TC08_SignUpExistingCompany" tests="1" failures="0" timestamp="29 Jun 2018 11:53:57 GMT" time="95.671" errors="0">
  <testcase name="testTC08_SignUpExistingCompany" time="95.671" classname="com.FABE.scripts.TC08_SignUpExistingCompany"/>
</testsuite> <!-- com.FABE.scripts.TC08_SignUpExistingCompany -->
