<?xml version="1.0" encoding="UTF-8"?>
<!-- Generated by org.testng.reporters.JUnitReportReporter -->
<testsuite skipped="0" hostname="DSHYD-114" name="com.FABE.scripts.TC03_VerifyProductsMenu" tests="1" failures="0" timestamp="29 Jun 2018 11:53:57 GMT" time="56.070" errors="0">
  <testcase name="testTC03_VerifyProductsMenu" time="56.070" classname="com.FABE.scripts.TC03_VerifyProductsMenu"/>
</testsuite> <!-- com.FABE.scripts.TC03_VerifyProductsMenu -->
