<?xml version="1.0" encoding="UTF-8"?>
<!-- Generated by org.testng.reporters.JUnitReportReporter -->
<testsuite skipped="0" hostname="DSHYD-106" name="com.RM.scripts.TC6_OneTimeChangePassword" tests="1" failures="0" timestamp="15 Nov 2017 10:54:29 GMT" time="97.419" errors="0">
  <testcase name="testTC6_OneTimeChangePassword" time="97.419" classname="com.RM.scripts.TC6_OneTimeChangePassword"/>
</testsuite> <!-- com.RM.scripts.TC6_OneTimeChangePassword -->
