<?xml version="1.0" encoding="UTF-8"?>
<!-- Generated by org.testng.reporters.JUnitReportReporter -->
<testsuite skipped="0" hostname="DSHYD-106" name="com.RM.scripts.QuickPay_TC3_1" tests="1" failures="0" timestamp="15 Nov 2017 10:54:29 GMT" time="44.744" errors="0">
  <testcase name="testQuickPay_TC3_1" time="44.744" classname="com.RM.scripts.QuickPay_TC3_1"/>
</testsuite> <!-- com.RM.scripts.QuickPay_TC3_1 -->
