<?xml version="1.0" encoding="UTF-8"?>
<!-- Generated by org.testng.reporters.JUnitReportReporter -->
<testsuite skipped="0" hostname="DSHYD-106" name="com.RM.scripts.QuickPay_TC4" tests="1" failures="0" timestamp="15 Nov 2017 10:54:29 GMT" time="67.442" errors="0">
  <testcase name="testQuickPay_TC4" time="67.442" classname="com.RM.scripts.QuickPay_TC4"/>
</testsuite> <!-- com.RM.scripts.QuickPay_TC4 -->
