<?xml version="1.0" encoding="UTF-8"?>
<!-- Generated by org.testng.reporters.JUnitReportReporter -->
<testsuite skipped="0" hostname="DSHYD-114" name="com.FABE.scripts.TC13_CheckoutAddNewAddress" tests="1" failures="0" timestamp="29 Jun 2018 11:53:57 GMT" time="68.912" errors="0">
  <testcase name="testTC13_CheckoutAddNewAddress" time="68.912" classname="com.FABE.scripts.TC13_CheckoutAddNewAddress"/>
</testsuite> <!-- com.FABE.scripts.TC13_CheckoutAddNewAddress -->
