<?xml version="1.0" encoding="UTF-8"?>
<!-- Generated by org.testng.reporters.JUnitReportReporter -->
<testsuite skipped="0" hostname="DSHYD-100" name="com.RM.scripts.QuickPay_TC1" tests="1" failures="0" timestamp="10 Nov 2017 12:28:45 GMT" time="3.999" errors="0">
  <testcase name="testQuickPay_TC1" time="3.999" classname="com.RM.scripts.QuickPay_TC1"/>
</testsuite> <!-- com.RM.scripts.QuickPay_TC1 -->
