<?xml version="1.0" encoding="UTF-8"?>
<!-- Generated by org.testng.reporters.JUnitReportReporter -->
<testsuite skipped="0" hostname="DSHYD-106" name="com.RM.scripts.Moolaperks" tests="1" failures="0" timestamp="15 Nov 2017 10:54:29 GMT" time="67.135" errors="0">
  <testcase name="testMoolaperks" time="67.135" classname="com.RM.scripts.Moolaperks"/>
</testsuite> <!-- com.RM.scripts.Moolaperks -->
