<?xml version="1.0" encoding="UTF-8"?>
<!-- Generated by org.testng.reporters.JUnitReportReporter -->
<testsuite skipped="0" hostname="DSHYD-114" name="com.FABE.scripts.TC5_VerifyHomePage" tests="1" failures="0" timestamp="06 Jun 2018 12:56:32 GMT" time="57.925" errors="0">
  <testcase name="testTC5_VerifyHomePage" time="57.925" classname="com.FABE.scripts.TC5_VerifyHomePage"/>
</testsuite> <!-- com.FABE.scripts.TC5_VerifyHomePage -->
