<?xml version="1.0" encoding="UTF-8"?>
<!-- Generated by org.testng.reporters.JUnitReportReporter -->
<testsuite skipped="0" hostname="DSHYD-114" name="com.FABE.scripts.TC05_VerifyHomePage" tests="1" failures="0" timestamp="29 Jun 2018 11:53:57 GMT" time="61.014" errors="0">
  <testcase name="testTC05_VerifyHomePage" time="61.014" classname="com.FABE.scripts.TC05_VerifyHomePage"/>
</testsuite> <!-- com.FABE.scripts.TC05_VerifyHomePage -->
