<?xml version="1.0" encoding="UTF-8"?>
<!-- Generated by org.testng.reporters.JUnitReportReporter -->
<testsuite skipped="0" hostname="DSHYD-106" name="com.RM.scripts.QuickPay_TC3_3" tests="1" failures="0" timestamp="15 Nov 2017 10:54:29 GMT" time="209.826" errors="0">
  <testcase name="testQuickPay_TC3_3" time="209.826" classname="com.RM.scripts.QuickPay_TC3_3"/>
</testsuite> <!-- com.RM.scripts.QuickPay_TC3_3 -->
