<?xml version="1.0" encoding="UTF-8"?>
<!-- Generated by org.testng.reporters.JUnitReportReporter -->
<testsuite skipped="0" hostname="DSHYD-106" name="com.RM.scripts.TC6_PrimaryPayment" tests="1" failures="0" timestamp="15 Nov 2017 10:54:29 GMT" time="91.381" errors="0">
  <testcase name="testTC6_PrimaryPayment" time="91.381" classname="com.RM.scripts.TC6_PrimaryPayment"/>
</testsuite> <!-- com.RM.scripts.TC6_PrimaryPayment -->
