<?xml version="1.0" encoding="UTF-8"?>
<!-- Generated by org.testng.reporters.JUnitReportReporter -->
<testsuite skipped="0" hostname="DSHYD-114" name="com.FABE.scripts.TC11_VerifySepaBankTransferPayment" tests="1" failures="0" timestamp="29 Jun 2018 11:53:57 GMT" time="134.934" errors="0">
  <testcase name="testTC11_VerifySepaBankTransferPayment" time="134.934" classname="com.FABE.scripts.TC11_VerifySepaBankTransferPayment"/>
</testsuite> <!-- com.FABE.scripts.TC11_VerifySepaBankTransferPayment -->
