<?xml version="1.0" encoding="UTF-8"?>
<!-- Generated by org.testng.reporters.JUnitReportReporter -->
<testsuite skipped="0" hostname="DSHYD-106" name="com.RM.scripts.TC6_PasswordLengthValidation" tests="1" failures="0" timestamp="16 Nov 2017 09:15:11 GMT" time="29.671" errors="0">
  <testcase name="testTC6_PasswordLengthValidation" time="29.671" classname="com.RM.scripts.TC6_PasswordLengthValidation"/>
</testsuite> <!-- com.RM.scripts.TC6_PasswordLengthValidation -->
