<?xml version="1.0" encoding="UTF-8"?>
<!-- Generated by org.testng.reporters.JUnitReportReporter -->
<testsuite skipped="0" hostname="DSHYD-106" name="com.RM.scripts.TC6_PasswordMustMatch" tests="1" failures="0" timestamp="16 Nov 2017 09:15:12 GMT" time="30.619" errors="0">
  <testcase name="testTC6_PasswordMustMatch" time="30.619" classname="com.RM.scripts.TC6_PasswordMustMatch"/>
</testsuite> <!-- com.RM.scripts.TC6_PasswordMustMatch -->
