<?xml version="1.0" encoding="UTF-8"?>
<!-- Generated by org.testng.reporters.JUnitReportReporter -->
<testsuite skipped="0" hostname="DSHYD-106" name="com.RM.scripts.QuickPay_TC2" tests="1" failures="0" timestamp="16 Nov 2017 09:15:12 GMT" time="77.650" errors="0">
  <testcase name="testQuickPay_TC2" time="77.650" classname="com.RM.scripts.QuickPay_TC2"/>
</testsuite> <!-- com.RM.scripts.QuickPay_TC2 -->
